<?xml version="1.0" encoding="UTF-8"?>
<testng-results ignored="0" total="1" passed="1" failed="0" skipped="0">
  <reporter-output>
  </reporter-output>
  <suite started-at="2019-05-15T12:26:51Z" name="Suite" finished-at="2019-05-15T12:27:59Z" duration-ms="68004">
    <groups>
    </groups>
    <test started-at="2019-05-15T12:26:51Z" name="Test" finished-at="2019-05-15T12:27:59Z" duration-ms="68004">
      <class name="simple.maven.demo.SeleniumhqDownloadGetTitle">
        <test-method signature="getTitlel()[pri:0, instance:simple.maven.demo.SeleniumhqDownloadGetTitle@fbd1f6]" started-at="2019-05-15T12:26:51Z" name="getTitlel" finished-at="2019-05-15T12:27:59Z" duration-ms="67868" status="PASS">
          <reporter-output>
          </reporter-output>
        </test-method> <!-- getTitlel -->
      </class> <!-- simple.maven.demo.SeleniumhqDownloadGetTitle -->
    </test> <!-- Test -->
  </suite> <!-- Suite -->
</testng-results>
