<?xml version="1.0" encoding="UTF-8"?>
<testng-results ignored="0" total="1" passed="1" failed="0" skipped="0">
  <reporter-output>
  </reporter-output>
  <suite started-at="2019-04-26T06:29:16Z" name="Suite" finished-at="2019-04-26T06:29:49Z" duration-ms="33329">
    <groups>
    </groups>
    <test started-at="2019-04-26T06:29:16Z" name="Test" finished-at="2019-04-26T06:29:49Z" duration-ms="33329">
      <class name="simple.maven.demo.SeleniumhqDownloadGetTitle">
        <test-method signature="getTitlel()[pri:0, instance:simple.maven.demo.SeleniumhqDownloadGetTitle@71e9ddb4]" started-at="2019-04-26T06:29:16Z" name="getTitlel" finished-at="2019-04-26T06:29:49Z" duration-ms="33255" status="PASS">
          <reporter-output>
          </reporter-output>
        </test-method> <!-- getTitlel -->
      </class> <!-- simple.maven.demo.SeleniumhqDownloadGetTitle -->
    </test> <!-- Test -->
  </suite> <!-- Suite -->
</testng-results>
